-------------------------------------------------------------------------------
Test set: com.sti.project.ProjectApplicationTests
-------------------------------------------------------------------------------
Tests run: 1, Failures: 0, Errors: 1, Skipped: 0, Time elapsed: 5.844 s <<< FAILURE! - in com.sti.project.ProjectApplicationTests
contextLoads  Time elapsed: 0.001 s  <<< ERROR!
java.lang.IllegalStateException: Failed to load ApplicationContext
Caused by: org.springframework.beans.factory.UnsatisfiedDependencyException: Error creating bean with name 'prospectoController': Unsatisfied dependency expressed through field 'prospectoService'; nested exception is org.springframework.beans.factory.UnsatisfiedDependencyException: Error creating bean with name 'prospectoServiceImpl' defined in file [C:\Users\laure\Downloads\project\target\classes\com\sti\project\service\implementation\ProspectoServiceImpl.class]: Unsatisfied dependency expressed through constructor parameter 1; nested exception is org.springframework.beans.factory.NoSuchBeanDefinitionException: No qualifying bean of type 'com.sti.project.model.mapper.ProspectoMapper' available: expected at least 1 bean which qualifies as autowire candidate. Dependency annotations: {}
Caused by: org.springframework.beans.factory.UnsatisfiedDependencyException: Error creating bean with name 'prospectoServiceImpl' defined in file [C:\Users\laure\Downloads\project\target\classes\com\sti\project\service\implementation\ProspectoServiceImpl.class]: Unsatisfied dependency expressed through constructor parameter 1; nested exception is org.springframework.beans.factory.NoSuchBeanDefinitionException: No qualifying bean of type 'com.sti.project.model.mapper.ProspectoMapper' available: expected at least 1 bean which qualifies as autowire candidate. Dependency annotations: {}
Caused by: org.springframework.beans.factory.NoSuchBeanDefinitionException: No qualifying bean of type 'com.sti.project.model.mapper.ProspectoMapper' available: expected at least 1 bean which qualifies as autowire candidate. Dependency annotations: {}

